[debug] [2025-08-11T08:03:18.260Z] ----------------------------------------------------------------------
[debug] [2025-08-11T08:03:18.263Z] Command:       /nix/store/ws50yvm6vzlzf7jzz6n7xh4szddrack1-nodejs-20.19.1/bin/node /home/user/.global_modules/bin/firebase login --no-localhost --reauth
[debug] [2025-08-11T08:03:18.264Z] CLI Version:   14.12.0
[debug] [2025-08-11T08:03:18.264Z] Platform:      linux
[debug] [2025-08-11T08:03:18.264Z] Node Version:  v20.19.1
[debug] [2025-08-11T08:03:18.264Z] Time:          Mon Aug 11 2025 08:03:18 GMT+0000 (Coordinated Universal Time)
[debug] [2025-08-11T08:03:18.265Z] ----------------------------------------------------------------------
[debug] 
[debug] [2025-08-11T08:03:18.772Z] No OAuth tokens found
[debug] [2025-08-11T08:03:18.773Z] No OAuth tokens found
[error] Failed to fetch Firebase Project from current Studio Workspace: Unable to refresh auth: not yet authenticated.
[debug] [2025-08-11T08:03:18.780Z] >>> [apiv2][query] POST https://auth.firebase.tools/attest [none]
[debug] [2025-08-11T08:03:18.781Z] >>> [apiv2][body] POST https://auth.firebase.tools/attest {"session_id":"42e8590a-fde0-4f0c-ad12-74298d564b3a"}
[debug] [2025-08-11T08:03:19.179Z] <<< [apiv2][status] POST https://auth.firebase.tools/attest 200
[debug] [2025-08-11T08:03:19.180Z] <<< [apiv2][body] POST https://auth.firebase.tools/attest {"token":"O6uyJPkQxLQtkjHUDpFAAtkbFT7Ofa506Ke8j4AbTHA"}
[info] 
[info] To sign in to the Firebase CLI:
[info] 
[info] 1. Take note of your session ID:
[info] 
[info]    42E85
[info] 
[info] 2. Visit the URL below on any device and follow the instructions to get your code:
[info] 
[info]    https://auth.firebase.tools/login?code_challenge=PmQKGuPOt3UnPqrjSwjTSPebm7Tv3bgJAxJOVTLO7ZI&session=42e8590a-fde0-4f0c-ad12-74298d564b3a&attest=O6uyJPkQxLQtkjHUDpFAAtkbFT7Ofa506Ke8j4AbTHA
[info] 
[info] 3. Paste or enter the authorization code below once you have it:
[info] 
